0 info it worked if it ends with ok
1 verbose cli [ 'C:\\Program Files\\nodejs\\node.exe',
1 verbose cli   'C:\\Program Files\\nodejs\\node_modules\\npm\\bin\\npm-cli.js',
1 verbose cli   'run',
1 verbose cli   'test',
1 verbose cli   '--no-cache' ]
2 info using npm@5.6.0
3 info using node@v8.9.4
4 verbose run-script [ 'pretest', 'test', 'posttest' ]
5 info lifecycle gulu@0.1.1~pretest: gulu@0.1.1
6 info lifecycle gulu@0.1.1~test: gulu@0.1.1
7 verbose lifecycle gulu@0.1.1~test: unsafe-perm in lifecycle true
8 verbose lifecycle gulu@0.1.1~test: PATH: C:\Program Files\nodejs\node_modules\npm\node_modules\npm-lifecycle\node-gyp-bin;E:\vue-gulu\node_modules\.bin;C:\Windows\system32;C:\Windows;C:\Windows\System32\Wbem;C:\Windows\System32\WindowsPowerShell\v1.0\;C:\Program Files\nodejs\;C:\Program Files\Git\cmd;C:\Users\lenovo\AppData\Local\Microsoft\WindowsApps;;D:\codeTools\Microsoft VS Code\bin;C:\Users\lenovo\AppData\Roaming\npm
9 verbose lifecycle gulu@0.1.1~test: CWD: E:\vue-gulu
10 silly lifecycle gulu@0.1.1~test: Args: [ '/d /s /c',
10 silly lifecycle   'parcel build test/*  --no-cache --no-minify && karma start --single-run' ]
11 silly lifecycle gulu@0.1.1~test: Returned: code: 1  signal: null
12 info lifecycle gulu@0.1.1~test: Failed to exec test script
13 verbose stack Error: gulu@0.1.1 test: `parcel build test/*  --no-cache --no-minify && karma start --single-run`
13 verbose stack Exit status 1
13 verbose stack     at EventEmitter.<anonymous> (C:\Program Files\nodejs\node_modules\npm\node_modules\npm-lifecycle\index.js:285:16)
13 verbose stack     at emitTwo (events.js:126:13)
13 verbose stack     at EventEmitter.emit (events.js:214:7)
13 verbose stack     at ChildProcess.<anonymous> (C:\Program Files\nodejs\node_modules\npm\node_modules\npm-lifecycle\lib\spawn.js:55:14)
13 verbose stack     at emitTwo (events.js:126:13)
13 verbose stack     at ChildProcess.emit (events.js:214:7)
13 verbose stack     at maybeClose (internal/child_process.js:925:16)
13 verbose stack     at Process.ChildProcess._handle.onexit (internal/child_process.js:209:5)
14 verbose pkgid gulu@0.1.1
15 verbose cwd E:\vue-gulu
16 verbose Windows_NT 10.0.14393
17 verbose argv "C:\\Program Files\\nodejs\\node.exe" "C:\\Program Files\\nodejs\\node_modules\\npm\\bin\\npm-cli.js" "run" "test" "--no-cache"
18 verbose node v8.9.4
19 verbose npm  v5.6.0
20 error code ELIFECYCLE
21 error errno 1
22 error gulu@0.1.1 test: `parcel build test/*  --no-cache --no-minify && karma start --single-run`
22 error Exit status 1
23 error Failed at the gulu@0.1.1 test script.
23 error This is probably not a problem with npm. There is likely additional logging output above.
24 verbose exit [ 1, true ]
